<?xml version="1.0" encoding="UTF-8"?>
<!-- Generated by org.testng.reporters.JUnitReportReporter -->
<testsuite hostname="BRI-LAP0155" name="javalearning.Jenkinsjob" tests="1" failures="0" timestamp="27 Mar 2016 14:29:11 GMT" time="0.010" errors="0">
  <testcase name="f" time="0.010" classname="javalearning.Jenkinsjob"/>
</testsuite> <!-- javalearning.Jenkinsjob -->
